<?xml version="1.0" encoding="UTF-8"?>
<testng-results skipped="0" failed="0" total="1" passed="1">
  <reporter-output>
  </reporter-output>
  <suite name="Default suite" duration-ms="19054" started-at="2016-02-07T12:34:07Z" finished-at="2016-02-07T12:34:26Z">
    <groups>
    </groups>
    <test name="Default test" duration-ms="19054" started-at="2016-02-07T12:34:07Z" finished-at="2016-02-07T12:34:26Z">
      <class name="zappos.AddToCartTestSuite">
        <test-method status="PASS" signature="justTest()" name="justTest" duration-ms="18359" started-at="2016-02-07T12:34:07Z" finished-at="2016-02-07T12:34:25Z">
        </test-method>
      </class>
    </test>
  </suite>
</testng-results>
